2025-11-05T17:42:03.513-05:00  INFO 38573 --- [catalog-dev] [main] c.t.c.controller.EventControllerTest     : Starting EventControllerTest using Java 17.0.16 with PID 38573 (started by Coder in /home/Coder/Descargas/catalogo-us1 (1)/catalogo-us1)
2025-11-05T17:42:03.516-05:00 DEBUG 38573 --- [catalog-dev] [main] c.t.c.controller.EventControllerTest     : Running with Spring Boot v3.2.3, Spring v6.1.4
2025-11-05T17:42:03.517-05:00  INFO 38573 --- [catalog-dev] [main] c.t.c.controller.EventControllerTest     : The following 1 profile is active: "dev"
2025-11-05T17:42:04.868-05:00  INFO 38573 --- [catalog-dev] [main] o.s.b.t.m.w.SpringBootMockServletContext : Initializing Spring TestDispatcherServlet ''
2025-11-05T17:42:04.868-05:00  INFO 38573 --- [catalog-dev] [main] o.s.t.web.servlet.TestDispatcherServlet  : Initializing Servlet ''
2025-11-05T17:42:04.869-05:00  INFO 38573 --- [catalog-dev] [main] o.s.t.web.servlet.TestDispatcherServlet  : Completed initialization in 1 ms
2025-11-05T17:42:04.883-05:00  INFO 38573 --- [catalog-dev] [main] c.t.c.controller.EventControllerTest     : Started EventControllerTest in 1.644 seconds (process running for 2.293)
2025-11-05T17:43:11.922-05:00  INFO 40178 --- [catalog-dev] [main] c.tiquetera.catalog.CatalogApplication   : Starting CatalogApplication using Java 17.0.16 with PID 40178 (/home/Coder/Descargas/catalogo-us1 (1)/catalogo-us1/target/classes started by Coder in /home/Coder/Descargas/catalogo-us1 (1)/catalogo-us1)
2025-11-05T17:43:11.923-05:00 DEBUG 40178 --- [catalog-dev] [main] c.tiquetera.catalog.CatalogApplication   : Running with Spring Boot v3.2.3, Spring v6.1.4
2025-11-05T17:43:11.923-05:00  INFO 40178 --- [catalog-dev] [main] c.tiquetera.catalog.CatalogApplication   : The following 1 profile is active: "dev"
2025-11-05T17:43:12.282-05:00  INFO 40178 --- [catalog-dev] [main] .s.d.r.c.RepositoryConfigurationDelegate : Bootstrapping Spring Data JPA repositories in DEFAULT mode.
2025-11-05T17:43:12.318-05:00  INFO 40178 --- [catalog-dev] [main] .s.d.r.c.RepositoryConfigurationDelegate : Finished Spring Data repository scanning in 32 ms. Found 2 JPA repository interfaces.
2025-11-05T17:43:12.575-05:00  INFO 40178 --- [catalog-dev] [main] o.s.b.w.embedded.tomcat.TomcatWebServer  : Tomcat initialized with port 8080 (http)
2025-11-05T17:43:12.582-05:00  INFO 40178 --- [catalog-dev] [main] o.apache.catalina.core.StandardService   : Starting service [Tomcat]
2025-11-05T17:43:12.582-05:00  INFO 40178 --- [catalog-dev] [main] o.apache.catalina.core.StandardEngine    : Starting Servlet engine: [Apache Tomcat/10.1.19]
2025-11-05T17:43:12.616-05:00  INFO 40178 --- [catalog-dev] [main] o.a.c.c.C.[Tomcat].[localhost].[/]       : Initializing Spring embedded WebApplicationContext
2025-11-05T17:43:12.616-05:00  INFO 40178 --- [catalog-dev] [main] w.s.c.ServletWebServerApplicationContext : Root WebApplicationContext: initialization completed in 664 ms
2025-11-05T17:43:12.702-05:00  INFO 40178 --- [catalog-dev] [main] com.zaxxer.hikari.HikariDataSource       : HikariPool-1 - Starting...
2025-11-05T17:43:12.800-05:00  INFO 40178 --- [catalog-dev] [main] com.zaxxer.hikari.pool.HikariPool        : HikariPool-1 - Added connection conn0: url=jdbc:h2:mem:1184479e-653a-4ec9-9100-9ac3c6680aaf user=SA
2025-11-05T17:43:12.801-05:00  INFO 40178 --- [catalog-dev] [main] com.zaxxer.hikari.HikariDataSource       : HikariPool-1 - Start completed.
2025-11-05T17:43:12.824-05:00  INFO 40178 --- [catalog-dev] [main] o.hibernate.jpa.internal.util.LogHelper  : HHH000204: Processing PersistenceUnitInfo [name: default]
2025-11-05T17:43:12.866-05:00  INFO 40178 --- [catalog-dev] [main] org.hibernate.Version                    : HHH000412: Hibernate ORM core version 6.4.4.Final
2025-11-05T17:43:12.883-05:00  INFO 40178 --- [catalog-dev] [main] o.h.c.internal.RegionFactoryInitiator    : HHH000026: Second-level cache disabled
2025-11-05T17:43:12.995-05:00  INFO 40178 --- [catalog-dev] [main] o.s.o.j.p.SpringPersistenceUnitInfo      : No LoadTimeWeaver setup: ignoring JPA class transformer
2025-11-05T17:43:13.441-05:00  INFO 40178 --- [catalog-dev] [main] o.h.e.t.j.p.i.JtaPlatformInitiator       : HHH000489: No JTA platform available (set 'hibernate.transaction.jta.platform' to enable JTA platform integration)
2025-11-05T17:43:13.475-05:00  INFO 40178 --- [catalog-dev] [main] j.LocalContainerEntityManagerFactoryBean : Initialized JPA EntityManagerFactory for persistence unit 'default'
2025-11-05T17:43:13.725-05:00  WARN 40178 --- [catalog-dev] [main] JpaBaseConfiguration$JpaWebConfiguration : spring.jpa.open-in-view is enabled by default. Therefore, database queries may be performed during view rendering. Explicitly configure spring.jpa.open-in-view to disable this warning
2025-11-05T17:43:13.928-05:00  INFO 40178 --- [catalog-dev] [main] o.s.b.w.embedded.tomcat.TomcatWebServer  : Tomcat started on port 8080 (http) with context path ''
2025-11-05T17:43:13.935-05:00  INFO 40178 --- [catalog-dev] [main] c.tiquetera.catalog.CatalogApplication   : Started CatalogApplication in 2.243 seconds (process running for 2.399)
2025-11-05T17:43:37.363-05:00  INFO 40178 --- [catalog-dev] [SpringApplicationShutdownHook] j.LocalContainerEntityManagerFactoryBean : Closing JPA EntityManagerFactory for persistence unit 'default'
2025-11-05T17:43:37.376-05:00  INFO 40178 --- [catalog-dev] [SpringApplicationShutdownHook] com.zaxxer.hikari.HikariDataSource       : HikariPool-1 - Shutdown initiated...
2025-11-05T17:43:37.380-05:00  INFO 40178 --- [catalog-dev] [SpringApplicationShutdownHook] com.zaxxer.hikari.HikariDataSource       : HikariPool-1 - Shutdown completed.
2025-11-05T17:45:15.056-05:00  INFO 42644 --- [catalog-dev] [main] c.tiquetera.catalog.CatalogApplication   : Starting CatalogApplication using Java 17.0.16 with PID 42644 (/home/Coder/Descargas/catalogo-us1 (1)/catalogo-us1/target/classes started by Coder in /home/Coder/Descargas/catalogo-us1 (1)/catalogo-us1)
2025-11-05T17:45:15.058-05:00 DEBUG 42644 --- [catalog-dev] [main] c.tiquetera.catalog.CatalogApplication   : Running with Spring Boot v3.2.3, Spring v6.1.4
2025-11-05T17:45:15.058-05:00  INFO 42644 --- [catalog-dev] [main] c.tiquetera.catalog.CatalogApplication   : The following 1 profile is active: "dev"
2025-11-05T17:45:15.438-05:00  INFO 42644 --- [catalog-dev] [main] .s.d.r.c.RepositoryConfigurationDelegate : Bootstrapping Spring Data JPA repositories in DEFAULT mode.
2025-11-05T17:45:15.472-05:00  INFO 42644 --- [catalog-dev] [main] .s.d.r.c.RepositoryConfigurationDelegate : Finished Spring Data repository scanning in 30 ms. Found 2 JPA repository interfaces.
2025-11-05T17:45:15.736-05:00  INFO 42644 --- [catalog-dev] [main] o.s.b.w.embedded.tomcat.TomcatWebServer  : Tomcat initialized with port 8080 (http)
2025-11-05T17:45:15.742-05:00  INFO 42644 --- [catalog-dev] [main] o.apache.catalina.core.StandardService   : Starting service [Tomcat]
2025-11-05T17:45:15.742-05:00  INFO 42644 --- [catalog-dev] [main] o.apache.catalina.core.StandardEngine    : Starting Servlet engine: [Apache Tomcat/10.1.19]
2025-11-05T17:45:15.771-05:00  INFO 42644 --- [catalog-dev] [main] o.a.c.c.C.[Tomcat].[localhost].[/]       : Initializing Spring embedded WebApplicationContext
2025-11-05T17:45:15.772-05:00  INFO 42644 --- [catalog-dev] [main] w.s.c.ServletWebServerApplicationContext : Root WebApplicationContext: initialization completed in 692 ms
2025-11-05T17:45:15.862-05:00  INFO 42644 --- [catalog-dev] [main] com.zaxxer.hikari.HikariDataSource       : HikariPool-1 - Starting...
2025-11-05T17:45:15.971-05:00  INFO 42644 --- [catalog-dev] [main] com.zaxxer.hikari.pool.HikariPool        : HikariPool-1 - Added connection conn0: url=jdbc:h2:mem:86244a4a-a3b2-4820-a0b4-b31b576a5c3a user=SA
2025-11-05T17:45:15.972-05:00  INFO 42644 --- [catalog-dev] [main] com.zaxxer.hikari.HikariDataSource       : HikariPool-1 - Start completed.
2025-11-05T17:45:15.996-05:00  INFO 42644 --- [catalog-dev] [main] o.hibernate.jpa.internal.util.LogHelper  : HHH000204: Processing PersistenceUnitInfo [name: default]
2025-11-05T17:45:16.046-05:00  INFO 42644 --- [catalog-dev] [main] org.hibernate.Version                    : HHH000412: Hibernate ORM core version 6.4.4.Final
2025-11-05T17:45:16.068-05:00  INFO 42644 --- [catalog-dev] [main] o.h.c.internal.RegionFactoryInitiator    : HHH000026: Second-level cache disabled
2025-11-05T17:45:16.180-05:00  INFO 42644 --- [catalog-dev] [main] o.s.o.j.p.SpringPersistenceUnitInfo      : No LoadTimeWeaver setup: ignoring JPA class transformer
2025-11-05T17:45:16.708-05:00  INFO 42644 --- [catalog-dev] [main] o.h.e.t.j.p.i.JtaPlatformInitiator       : HHH000489: No JTA platform available (set 'hibernate.transaction.jta.platform' to enable JTA platform integration)
2025-11-05T17:45:16.743-05:00  INFO 42644 --- [catalog-dev] [main] j.LocalContainerEntityManagerFactoryBean : Initialized JPA EntityManagerFactory for persistence unit 'default'
2025-11-05T17:45:17.006-05:00  WARN 42644 --- [catalog-dev] [main] JpaBaseConfiguration$JpaWebConfiguration : spring.jpa.open-in-view is enabled by default. Therefore, database queries may be performed during view rendering. Explicitly configure spring.jpa.open-in-view to disable this warning
2025-11-05T17:45:17.217-05:00  INFO 42644 --- [catalog-dev] [main] o.s.b.w.embedded.tomcat.TomcatWebServer  : Tomcat started on port 8080 (http) with context path ''
2025-11-05T17:45:17.225-05:00  INFO 42644 --- [catalog-dev] [main] c.tiquetera.catalog.CatalogApplication   : Started CatalogApplication in 2.393 seconds (process running for 2.548)
2025-11-05T17:49:06.250-05:00  INFO 42644 --- [catalog-dev] [http-nio-8080-exec-2] o.a.c.c.C.[Tomcat].[localhost].[/]       : Initializing Spring DispatcherServlet 'dispatcherServlet'
2025-11-05T17:49:06.250-05:00  INFO 42644 --- [catalog-dev] [http-nio-8080-exec-2] o.s.web.servlet.DispatcherServlet        : Initializing Servlet 'dispatcherServlet'
2025-11-05T17:49:06.252-05:00  INFO 42644 --- [catalog-dev] [http-nio-8080-exec-2] o.s.web.servlet.DispatcherServlet        : Completed initialization in 1 ms
2025-11-05T17:49:46.183-05:00  INFO 42644 --- [catalog-dev] [SpringApplicationShutdownHook] j.LocalContainerEntityManagerFactoryBean : Closing JPA EntityManagerFactory for persistence unit 'default'
2025-11-05T17:49:46.192-05:00  INFO 42644 --- [catalog-dev] [SpringApplicationShutdownHook] com.zaxxer.hikari.HikariDataSource       : HikariPool-1 - Shutdown initiated...
2025-11-05T17:49:46.196-05:00  INFO 42644 --- [catalog-dev] [SpringApplicationShutdownHook] com.zaxxer.hikari.HikariDataSource       : HikariPool-1 - Shutdown completed.
2025-11-05T17:49:50.131-05:00  INFO 48494 --- [catalog-dev] [main] c.tiquetera.catalog.CatalogApplication   : Starting CatalogApplication using Java 17.0.16 with PID 48494 (/home/Coder/Descargas/catalogo-us1 (1)/catalogo-us1/target/classes started by Coder in /home/Coder/Descargas/catalogo-us1 (1)/catalogo-us1)
2025-11-05T17:49:50.131-05:00 DEBUG 48494 --- [catalog-dev] [main] c.tiquetera.catalog.CatalogApplication   : Running with Spring Boot v3.2.3, Spring v6.1.4
2025-11-05T17:49:50.132-05:00  INFO 48494 --- [catalog-dev] [main] c.tiquetera.catalog.CatalogApplication   : The following 1 profile is active: "dev"
2025-11-05T17:49:50.459-05:00  INFO 48494 --- [catalog-dev] [main] .s.d.r.c.RepositoryConfigurationDelegate : Bootstrapping Spring Data JPA repositories in DEFAULT mode.
2025-11-05T17:49:50.491-05:00  INFO 48494 --- [catalog-dev] [main] .s.d.r.c.RepositoryConfigurationDelegate : Finished Spring Data repository scanning in 28 ms. Found 2 JPA repository interfaces.
2025-11-05T17:49:50.772-05:00  INFO 48494 --- [catalog-dev] [main] o.s.b.w.embedded.tomcat.TomcatWebServer  : Tomcat initialized with port 8080 (http)
2025-11-05T17:49:50.779-05:00  INFO 48494 --- [catalog-dev] [main] o.apache.catalina.core.StandardService   : Starting service [Tomcat]
2025-11-05T17:49:50.779-05:00  INFO 48494 --- [catalog-dev] [main] o.apache.catalina.core.StandardEngine    : Starting Servlet engine: [Apache Tomcat/10.1.19]
2025-11-05T17:49:50.811-05:00  INFO 48494 --- [catalog-dev] [main] o.a.c.c.C.[Tomcat].[localhost].[/]       : Initializing Spring embedded WebApplicationContext
2025-11-05T17:49:50.811-05:00  INFO 48494 --- [catalog-dev] [main] w.s.c.ServletWebServerApplicationContext : Root WebApplicationContext: initialization completed in 651 ms
2025-11-05T17:49:50.874-05:00  INFO 48494 --- [catalog-dev] [main] com.zaxxer.hikari.HikariDataSource       : HikariPool-1 - Starting...
2025-11-05T17:49:50.966-05:00  INFO 48494 --- [catalog-dev] [main] com.zaxxer.hikari.pool.HikariPool        : HikariPool-1 - Added connection conn0: url=jdbc:h2:mem:16b177a8-4ffa-46f6-96fa-c50e81e02102 user=SA
2025-11-05T17:49:50.967-05:00  INFO 48494 --- [catalog-dev] [main] com.zaxxer.hikari.HikariDataSource       : HikariPool-1 - Start completed.
2025-11-05T17:49:50.990-05:00  INFO 48494 --- [catalog-dev] [main] o.hibernate.jpa.internal.util.LogHelper  : HHH000204: Processing PersistenceUnitInfo [name: default]
2025-11-05T17:49:51.022-05:00  INFO 48494 --- [catalog-dev] [main] org.hibernate.Version                    : HHH000412: Hibernate ORM core version 6.4.4.Final
2025-11-05T17:49:51.038-05:00  INFO 48494 --- [catalog-dev] [main] o.h.c.internal.RegionFactoryInitiator    : HHH000026: Second-level cache disabled
2025-11-05T17:49:51.145-05:00  INFO 48494 --- [catalog-dev] [main] o.s.o.j.p.SpringPersistenceUnitInfo      : No LoadTimeWeaver setup: ignoring JPA class transformer
2025-11-05T17:49:51.584-05:00  INFO 48494 --- [catalog-dev] [main] o.h.e.t.j.p.i.JtaPlatformInitiator       : HHH000489: No JTA platform available (set 'hibernate.transaction.jta.platform' to enable JTA platform integration)
2025-11-05T17:49:51.611-05:00  INFO 48494 --- [catalog-dev] [main] j.LocalContainerEntityManagerFactoryBean : Initialized JPA EntityManagerFactory for persistence unit 'default'
2025-11-05T17:49:51.838-05:00  WARN 48494 --- [catalog-dev] [main] JpaBaseConfiguration$JpaWebConfiguration : spring.jpa.open-in-view is enabled by default. Therefore, database queries may be performed during view rendering. Explicitly configure spring.jpa.open-in-view to disable this warning
2025-11-05T17:49:52.019-05:00  INFO 48494 --- [catalog-dev] [main] o.s.b.w.embedded.tomcat.TomcatWebServer  : Tomcat started on port 8080 (http) with context path ''
2025-11-05T17:49:52.025-05:00  INFO 48494 --- [catalog-dev] [main] c.tiquetera.catalog.CatalogApplication   : Started CatalogApplication in 2.109 seconds (process running for 2.249)
2025-11-05T17:49:53.257-05:00  INFO 48494 --- [catalog-dev] [http-nio-8080-exec-2] o.a.c.c.C.[Tomcat].[localhost].[/]       : Initializing Spring DispatcherServlet 'dispatcherServlet'
2025-11-05T17:49:53.257-05:00  INFO 48494 --- [catalog-dev] [http-nio-8080-exec-2] o.s.web.servlet.DispatcherServlet        : Initializing Servlet 'dispatcherServlet'
2025-11-05T17:49:53.258-05:00  INFO 48494 --- [catalog-dev] [http-nio-8080-exec-2] o.s.web.servlet.DispatcherServlet        : Completed initialization in 1 ms
2025-11-05T17:51:00.288-05:00  INFO 48494 --- [catalog-dev] [SpringApplicationShutdownHook] j.LocalContainerEntityManagerFactoryBean : Closing JPA EntityManagerFactory for persistence unit 'default'
2025-11-05T17:51:00.298-05:00  INFO 48494 --- [catalog-dev] [SpringApplicationShutdownHook] com.zaxxer.hikari.HikariDataSource       : HikariPool-1 - Shutdown initiated...
2025-11-05T17:51:00.302-05:00  INFO 48494 --- [catalog-dev] [SpringApplicationShutdownHook] com.zaxxer.hikari.HikariDataSource       : HikariPool-1 - Shutdown completed.
2025-11-05T17:51:09.216-05:00  INFO 50585 --- [catalog-dev] [main] c.tiquetera.catalog.CatalogApplication   : Starting CatalogApplication using Java 17.0.16 with PID 50585 (/home/Coder/Descargas/catalogo-us1 (1)/catalogo-us1/target/classes started by Coder in /home/Coder/Descargas/catalogo-us1 (1)/catalogo-us1)
2025-11-05T17:51:09.217-05:00 DEBUG 50585 --- [catalog-dev] [main] c.tiquetera.catalog.CatalogApplication   : Running with Spring Boot v3.2.3, Spring v6.1.4
2025-11-05T17:51:09.218-05:00  INFO 50585 --- [catalog-dev] [main] c.tiquetera.catalog.CatalogApplication   : The following 1 profile is active: "dev"
2025-11-05T17:51:09.548-05:00  INFO 50585 --- [catalog-dev] [main] .s.d.r.c.RepositoryConfigurationDelegate : Bootstrapping Spring Data JPA repositories in DEFAULT mode.
2025-11-05T17:51:09.580-05:00  INFO 50585 --- [catalog-dev] [main] .s.d.r.c.RepositoryConfigurationDelegate : Finished Spring Data repository scanning in 29 ms. Found 2 JPA repository interfaces.
2025-11-05T17:51:09.800-05:00  INFO 50585 --- [catalog-dev] [main] o.s.b.w.embedded.tomcat.TomcatWebServer  : Tomcat initialized with port 8080 (http)
2025-11-05T17:51:09.805-05:00  INFO 50585 --- [catalog-dev] [main] o.apache.catalina.core.StandardService   : Starting service [Tomcat]
2025-11-05T17:51:09.805-05:00  INFO 50585 --- [catalog-dev] [main] o.apache.catalina.core.StandardEngine    : Starting Servlet engine: [Apache Tomcat/10.1.19]
2025-11-05T17:51:09.842-05:00  INFO 50585 --- [catalog-dev] [main] o.a.c.c.C.[Tomcat].[localhost].[/]       : Initializing Spring embedded WebApplicationContext
2025-11-05T17:51:09.842-05:00  INFO 50585 --- [catalog-dev] [main] w.s.c.ServletWebServerApplicationContext : Root WebApplicationContext: initialization completed in 592 ms
2025-11-05T17:51:09.906-05:00  INFO 50585 --- [catalog-dev] [main] com.zaxxer.hikari.HikariDataSource       : HikariPool-1 - Starting...
2025-11-05T17:51:09.996-05:00  INFO 50585 --- [catalog-dev] [main] com.zaxxer.hikari.pool.HikariPool        : HikariPool-1 - Added connection conn0: url=jdbc:h2:mem:4a68c145-bdbc-4f21-9047-521ece83da22 user=SA
2025-11-05T17:51:09.997-05:00  INFO 50585 --- [catalog-dev] [main] com.zaxxer.hikari.HikariDataSource       : HikariPool-1 - Start completed.
2025-11-05T17:51:10.018-05:00  INFO 50585 --- [catalog-dev] [main] o.hibernate.jpa.internal.util.LogHelper  : HHH000204: Processing PersistenceUnitInfo [name: default]
2025-11-05T17:51:10.050-05:00  INFO 50585 --- [catalog-dev] [main] org.hibernate.Version                    : HHH000412: Hibernate ORM core version 6.4.4.Final
2025-11-05T17:51:10.064-05:00  INFO 50585 --- [catalog-dev] [main] o.h.c.internal.RegionFactoryInitiator    : HHH000026: Second-level cache disabled
2025-11-05T17:51:10.162-05:00  INFO 50585 --- [catalog-dev] [main] o.s.o.j.p.SpringPersistenceUnitInfo      : No LoadTimeWeaver setup: ignoring JPA class transformer
2025-11-05T17:51:10.564-05:00  INFO 50585 --- [catalog-dev] [main] o.h.e.t.j.p.i.JtaPlatformInitiator       : HHH000489: No JTA platform available (set 'hibernate.transaction.jta.platform' to enable JTA platform integration)
2025-11-05T17:51:10.593-05:00  INFO 50585 --- [catalog-dev] [main] j.LocalContainerEntityManagerFactoryBean : Initialized JPA EntityManagerFactory for persistence unit 'default'
2025-11-05T17:51:10.818-05:00  WARN 50585 --- [catalog-dev] [main] JpaBaseConfiguration$JpaWebConfiguration : spring.jpa.open-in-view is enabled by default. Therefore, database queries may be performed during view rendering. Explicitly configure spring.jpa.open-in-view to disable this warning
2025-11-05T17:51:11.001-05:00  INFO 50585 --- [catalog-dev] [main] o.s.b.w.embedded.tomcat.TomcatWebServer  : Tomcat started on port 8080 (http) with context path ''
2025-11-05T17:51:11.007-05:00  INFO 50585 --- [catalog-dev] [main] c.tiquetera.catalog.CatalogApplication   : Started CatalogApplication in 2.011 seconds (process running for 2.158)
2025-11-05T17:51:13.093-05:00  INFO 50585 --- [catalog-dev] [http-nio-8080-exec-2] o.a.c.c.C.[Tomcat].[localhost].[/]       : Initializing Spring DispatcherServlet 'dispatcherServlet'
2025-11-05T17:51:13.094-05:00  INFO 50585 --- [catalog-dev] [http-nio-8080-exec-2] o.s.web.servlet.DispatcherServlet        : Initializing Servlet 'dispatcherServlet'
2025-11-05T17:51:13.095-05:00  INFO 50585 --- [catalog-dev] [http-nio-8080-exec-2] o.s.web.servlet.DispatcherServlet        : Completed initialization in 0 ms
2025-11-05T17:53:10.530-05:00  INFO 50585 --- [catalog-dev] [http-nio-8080-exec-2] o.springdoc.api.AbstractOpenApiResource  : Init duration for springdoc-openapi is: 141 ms
2025-11-05T17:57:25.804-05:00  WARN 50585 --- [catalog-dev] [http-nio-8080-exec-9] o.h.engine.jdbc.spi.SqlExceptionHelper   : SQL Error: 23502, SQLState: 23502
2025-11-05T17:57:25.804-05:00 ERROR 50585 --- [catalog-dev] [http-nio-8080-exec-9] o.h.engine.jdbc.spi.SqlExceptionHelper   : La columna "CREATED_AT" no permite valores nulos (NULL)
NULL not allowed for column "CREATED_AT"; SQL statement:
insert into events (category,created_at,description,name,updated_at,venue_id,id) values (?,?,?,?,?,?,default) [23502-224]
2025-11-05T17:59:51.576-05:00  WARN 50585 --- [catalog-dev] [http-nio-8080-exec-5] o.h.engine.jdbc.spi.SqlExceptionHelper   : SQL Error: 23502, SQLState: 23502
2025-11-05T17:59:51.577-05:00 ERROR 50585 --- [catalog-dev] [http-nio-8080-exec-5] o.h.engine.jdbc.spi.SqlExceptionHelper   : La columna "CREATED_AT" no permite valores nulos (NULL)
NULL not allowed for column "CREATED_AT"; SQL statement:
insert into events (category,created_at,description,name,updated_at,venue_id,id) values (?,?,?,?,?,?,default) [23502-224]
2025-11-05T18:01:24.150-05:00  WARN 50585 --- [catalog-dev] [http-nio-8080-exec-8] o.h.engine.jdbc.spi.SqlExceptionHelper   : SQL Error: 23502, SQLState: 23502
2025-11-05T18:01:24.150-05:00 ERROR 50585 --- [catalog-dev] [http-nio-8080-exec-8] o.h.engine.jdbc.spi.SqlExceptionHelper   : La columna "CREATED_AT" no permite valores nulos (NULL)
NULL not allowed for column "CREATED_AT"; SQL statement:
insert into events (category,created_at,description,name,updated_at,venue_id,id) values (?,?,?,?,?,?,default) [23502-224]
2025-11-05T18:04:49.365-05:00  WARN 50585 --- [catalog-dev] [http-nio-8080-exec-3] o.h.engine.jdbc.spi.SqlExceptionHelper   : SQL Error: 23503, SQLState: 23503
2025-11-05T18:04:49.366-05:00 ERROR 50585 --- [catalog-dev] [http-nio-8080-exec-3] o.h.engine.jdbc.spi.SqlExceptionHelper   : Violación de una restricción de Integridad Referencial: "FK_EVENT_VENUE: PUBLIC.EVENTS FOREIGN KEY(VENUE_ID) REFERENCES PUBLIC.VENUES(ID) (CAST(1 AS BIGINT))"
Referential integrity constraint violation: "FK_EVENT_VENUE: PUBLIC.EVENTS FOREIGN KEY(VENUE_ID) REFERENCES PUBLIC.VENUES(ID) (CAST(1 AS BIGINT))"; SQL statement:
delete from venues where id=? [23503-224]
2025-11-05T18:19:30.573-05:00  INFO 50585 --- [catalog-dev] [SpringApplicationShutdownHook] j.LocalContainerEntityManagerFactoryBean : Closing JPA EntityManagerFactory for persistence unit 'default'
2025-11-05T18:19:30.579-05:00  INFO 50585 --- [catalog-dev] [SpringApplicationShutdownHook] com.zaxxer.hikari.HikariDataSource       : HikariPool-1 - Shutdown initiated...
2025-11-05T18:19:30.581-05:00  INFO 50585 --- [catalog-dev] [SpringApplicationShutdownHook] com.zaxxer.hikari.HikariDataSource       : HikariPool-1 - Shutdown completed.
2025-11-05T18:20:02.438-05:00  INFO 82248 --- [catalog-dev] [main] c.tiquetera.catalog.CatalogApplication   : Starting CatalogApplication using Java 17.0.16 with PID 82248 (/home/Coder/Descargas/catalogo-us1 (1)/catalogo-us1/target/classes started by Coder in /home/Coder/Descargas/catalogo-us1 (1)/catalogo-us1)
2025-11-05T18:20:02.439-05:00 DEBUG 82248 --- [catalog-dev] [main] c.tiquetera.catalog.CatalogApplication   : Running with Spring Boot v3.2.3, Spring v6.1.4
2025-11-05T18:20:02.439-05:00  INFO 82248 --- [catalog-dev] [main] c.tiquetera.catalog.CatalogApplication   : The following 1 profile is active: "dev"
2025-11-05T18:20:02.803-05:00  INFO 82248 --- [catalog-dev] [main] .s.d.r.c.RepositoryConfigurationDelegate : Bootstrapping Spring Data JPA repositories in DEFAULT mode.
2025-11-05T18:20:02.838-05:00  INFO 82248 --- [catalog-dev] [main] .s.d.r.c.RepositoryConfigurationDelegate : Finished Spring Data repository scanning in 30 ms. Found 2 JPA repository interfaces.
2025-11-05T18:20:03.099-05:00  INFO 82248 --- [catalog-dev] [main] o.s.b.w.embedded.tomcat.TomcatWebServer  : Tomcat initialized with port 8080 (http)
2025-11-05T18:20:03.106-05:00  INFO 82248 --- [catalog-dev] [main] o.apache.catalina.core.StandardService   : Starting service [Tomcat]
2025-11-05T18:20:03.107-05:00  INFO 82248 --- [catalog-dev] [main] o.apache.catalina.core.StandardEngine    : Starting Servlet engine: [Apache Tomcat/10.1.19]
2025-11-05T18:20:03.145-05:00  INFO 82248 --- [catalog-dev] [main] o.a.c.c.C.[Tomcat].[localhost].[/]       : Initializing Spring embedded WebApplicationContext
2025-11-05T18:20:03.145-05:00  INFO 82248 --- [catalog-dev] [main] w.s.c.ServletWebServerApplicationContext : Root WebApplicationContext: initialization completed in 685 ms
2025-11-05T18:20:03.167-05:00  INFO 82248 --- [catalog-dev] [main] com.zaxxer.hikari.HikariDataSource       : HikariPool-1 - Starting...
2025-11-05T18:20:03.276-05:00  INFO 82248 --- [catalog-dev] [main] com.zaxxer.hikari.pool.HikariPool        : HikariPool-1 - Added connection conn0: url=jdbc:h2:mem:catalogdb user=SA
2025-11-05T18:20:03.277-05:00  INFO 82248 --- [catalog-dev] [main] com.zaxxer.hikari.HikariDataSource       : HikariPool-1 - Start completed.
2025-11-05T18:20:03.283-05:00  INFO 82248 --- [catalog-dev] [main] o.s.b.a.h2.H2ConsoleAutoConfiguration    : H2 console available at '/h2-console'. Database available at 'jdbc:h2:mem:catalogdb'
2025-11-05T18:20:03.354-05:00  INFO 82248 --- [catalog-dev] [main] o.hibernate.jpa.internal.util.LogHelper  : HHH000204: Processing PersistenceUnitInfo [name: default]
2025-11-05T18:20:03.382-05:00  INFO 82248 --- [catalog-dev] [main] org.hibernate.Version                    : HHH000412: Hibernate ORM core version 6.4.4.Final
2025-11-05T18:20:03.403-05:00  INFO 82248 --- [catalog-dev] [main] o.h.c.internal.RegionFactoryInitiator    : HHH000026: Second-level cache disabled
2025-11-05T18:20:03.512-05:00  INFO 82248 --- [catalog-dev] [main] o.s.o.j.p.SpringPersistenceUnitInfo      : No LoadTimeWeaver setup: ignoring JPA class transformer
2025-11-05T18:20:03.535-05:00  WARN 82248 --- [catalog-dev] [main] org.hibernate.orm.deprecation            : HHH90000025: H2Dialect does not need to be specified explicitly using 'hibernate.dialect' (remove the property setting and it will be selected by default)
2025-11-05T18:20:03.961-05:00  INFO 82248 --- [catalog-dev] [main] o.h.e.t.j.p.i.JtaPlatformInitiator       : HHH000489: No JTA platform available (set 'hibernate.transaction.jta.platform' to enable JTA platform integration)
2025-11-05T18:20:04.003-05:00  INFO 82248 --- [catalog-dev] [main] j.LocalContainerEntityManagerFactoryBean : Initialized JPA EntityManagerFactory for persistence unit 'default'
2025-11-05T18:20:04.254-05:00  WARN 82248 --- [catalog-dev] [main] JpaBaseConfiguration$JpaWebConfiguration : spring.jpa.open-in-view is enabled by default. Therefore, database queries may be performed during view rendering. Explicitly configure spring.jpa.open-in-view to disable this warning
2025-11-05T18:20:04.463-05:00  INFO 82248 --- [catalog-dev] [main] o.s.b.w.embedded.tomcat.TomcatWebServer  : Tomcat started on port 8080 (http) with context path ''
2025-11-05T18:20:04.470-05:00  INFO 82248 --- [catalog-dev] [main] c.tiquetera.catalog.CatalogApplication   : Started CatalogApplication in 2.266 seconds (process running for 2.412)
2025-11-05T18:20:17.497-05:00  INFO 82248 --- [catalog-dev] [http-nio-8080-exec-2] o.a.c.c.C.[Tomcat].[localhost].[/]       : Initializing Spring DispatcherServlet 'dispatcherServlet'
2025-11-05T18:20:17.498-05:00  INFO 82248 --- [catalog-dev] [http-nio-8080-exec-2] o.s.web.servlet.DispatcherServlet        : Initializing Servlet 'dispatcherServlet'
2025-11-05T18:20:17.498-05:00  INFO 82248 --- [catalog-dev] [http-nio-8080-exec-2] o.s.web.servlet.DispatcherServlet        : Completed initialization in 0 ms
2025-11-05T18:21:15.398-05:00  INFO 82248 --- [catalog-dev] [SpringApplicationShutdownHook] j.LocalContainerEntityManagerFactoryBean : Closing JPA EntityManagerFactory for persistence unit 'default'
2025-11-05T18:21:15.399-05:00  INFO 82248 --- [catalog-dev] [SpringApplicationShutdownHook] com.zaxxer.hikari.HikariDataSource       : HikariPool-1 - Shutdown initiated...
2025-11-05T18:21:15.403-05:00  INFO 82248 --- [catalog-dev] [SpringApplicationShutdownHook] com.zaxxer.hikari.HikariDataSource       : HikariPool-1 - Shutdown completed.
2025-11-05T18:22:38.130-05:00  INFO 85472 --- [catalog-dev] [main] c.tiquetera.catalog.CatalogApplication   : Starting CatalogApplication using Java 17.0.16 with PID 85472 (/home/Coder/Descargas/catalogo-us1 (1)/catalogo-us1/target/classes started by Coder in /home/Coder/Descargas/catalogo-us1 (1)/catalogo-us1)
2025-11-05T18:22:38.131-05:00 DEBUG 85472 --- [catalog-dev] [main] c.tiquetera.catalog.CatalogApplication   : Running with Spring Boot v3.2.3, Spring v6.1.4
2025-11-05T18:22:38.131-05:00  INFO 85472 --- [catalog-dev] [main] c.tiquetera.catalog.CatalogApplication   : The following 1 profile is active: "dev"
2025-11-05T18:22:38.508-05:00  INFO 85472 --- [catalog-dev] [main] .s.d.r.c.RepositoryConfigurationDelegate : Bootstrapping Spring Data JPA repositories in DEFAULT mode.
2025-11-05T18:22:38.544-05:00  INFO 85472 --- [catalog-dev] [main] .s.d.r.c.RepositoryConfigurationDelegate : Finished Spring Data repository scanning in 32 ms. Found 2 JPA repository interfaces.
2025-11-05T18:22:38.797-05:00  INFO 85472 --- [catalog-dev] [main] o.s.b.w.embedded.tomcat.TomcatWebServer  : Tomcat initialized with port 8080 (http)
2025-11-05T18:22:38.804-05:00  INFO 85472 --- [catalog-dev] [main] o.apache.catalina.core.StandardService   : Starting service [Tomcat]
2025-11-05T18:22:38.804-05:00  INFO 85472 --- [catalog-dev] [main] o.apache.catalina.core.StandardEngine    : Starting Servlet engine: [Apache Tomcat/10.1.19]
2025-11-05T18:22:38.836-05:00  INFO 85472 --- [catalog-dev] [main] o.a.c.c.C.[Tomcat].[localhost].[/]       : Initializing Spring embedded WebApplicationContext
2025-11-05T18:22:38.837-05:00  INFO 85472 --- [catalog-dev] [main] w.s.c.ServletWebServerApplicationContext : Root WebApplicationContext: initialization completed in 678 ms
2025-11-05T18:22:38.858-05:00  INFO 85472 --- [catalog-dev] [main] com.zaxxer.hikari.HikariDataSource       : HikariPool-1 - Starting...
2025-11-05T18:22:38.989-05:00  INFO 85472 --- [catalog-dev] [main] com.zaxxer.hikari.pool.HikariPool        : HikariPool-1 - Added connection conn0: url=jdbc:h2:./data/catalogdb user=SA
2025-11-05T18:22:38.990-05:00  INFO 85472 --- [catalog-dev] [main] com.zaxxer.hikari.HikariDataSource       : HikariPool-1 - Start completed.
2025-11-05T18:22:38.997-05:00  INFO 85472 --- [catalog-dev] [main] o.s.b.a.h2.H2ConsoleAutoConfiguration    : H2 console available at '/h2-console'. Database available at 'jdbc:h2:./data/catalogdb'
2025-11-05T18:22:39.058-05:00  INFO 85472 --- [catalog-dev] [main] o.hibernate.jpa.internal.util.LogHelper  : HHH000204: Processing PersistenceUnitInfo [name: default]
2025-11-05T18:22:39.088-05:00  INFO 85472 --- [catalog-dev] [main] org.hibernate.Version                    : HHH000412: Hibernate ORM core version 6.4.4.Final
2025-11-05T18:22:39.109-05:00  INFO 85472 --- [catalog-dev] [main] o.h.c.internal.RegionFactoryInitiator    : HHH000026: Second-level cache disabled
2025-11-05T18:22:39.223-05:00  INFO 85472 --- [catalog-dev] [main] o.s.o.j.p.SpringPersistenceUnitInfo      : No LoadTimeWeaver setup: ignoring JPA class transformer
2025-11-05T18:22:39.247-05:00  WARN 85472 --- [catalog-dev] [main] org.hibernate.orm.deprecation            : HHH90000025: H2Dialect does not need to be specified explicitly using 'hibernate.dialect' (remove the property setting and it will be selected by default)
2025-11-05T18:22:39.686-05:00  INFO 85472 --- [catalog-dev] [main] o.h.e.t.j.p.i.JtaPlatformInitiator       : HHH000489: No JTA platform available (set 'hibernate.transaction.jta.platform' to enable JTA platform integration)
2025-11-05T18:22:39.733-05:00  INFO 85472 --- [catalog-dev] [main] j.LocalContainerEntityManagerFactoryBean : Initialized JPA EntityManagerFactory for persistence unit 'default'
2025-11-05T18:22:39.996-05:00  WARN 85472 --- [catalog-dev] [main] JpaBaseConfiguration$JpaWebConfiguration : spring.jpa.open-in-view is enabled by default. Therefore, database queries may be performed during view rendering. Explicitly configure spring.jpa.open-in-view to disable this warning
2025-11-05T18:22:40.205-05:00  INFO 85472 --- [catalog-dev] [main] o.s.b.w.embedded.tomcat.TomcatWebServer  : Tomcat started on port 8080 (http) with context path ''
2025-11-05T18:22:40.211-05:00  INFO 85472 --- [catalog-dev] [main] c.tiquetera.catalog.CatalogApplication   : Started CatalogApplication in 2.318 seconds (process running for 2.487)
2025-11-05T18:22:59.478-05:00  INFO 85472 --- [catalog-dev] [http-nio-8080-exec-5] o.a.c.c.C.[Tomcat].[localhost].[/]       : Initializing Spring DispatcherServlet 'dispatcherServlet'
2025-11-05T18:22:59.479-05:00  INFO 85472 --- [catalog-dev] [http-nio-8080-exec-5] o.s.web.servlet.DispatcherServlet        : Initializing Servlet 'dispatcherServlet'
2025-11-05T18:22:59.481-05:00  INFO 85472 --- [catalog-dev] [http-nio-8080-exec-5] o.s.web.servlet.DispatcherServlet        : Completed initialization in 2 ms
2025-11-05T18:24:26.052-05:00  INFO 85472 --- [catalog-dev] [SpringApplicationShutdownHook] j.LocalContainerEntityManagerFactoryBean : Closing JPA EntityManagerFactory for persistence unit 'default'
2025-11-05T18:24:26.055-05:00  INFO 85472 --- [catalog-dev] [SpringApplicationShutdownHook] com.zaxxer.hikari.HikariDataSource       : HikariPool-1 - Shutdown initiated...
2025-11-05T18:24:26.057-05:00  INFO 85472 --- [catalog-dev] [SpringApplicationShutdownHook] com.zaxxer.hikari.HikariDataSource       : HikariPool-1 - Shutdown completed.
2025-11-05T18:25:56.302-05:00  INFO 90037 --- [catalog-dev] [main] c.tiquetera.catalog.CatalogApplication   : Starting CatalogApplication using Java 17.0.16 with PID 90037 (/home/Coder/Descargas/catalogo-us1 (1)/catalogo-us1/target/classes started by Coder in /home/Coder/Descargas/catalogo-us1 (1)/catalogo-us1)
2025-11-05T18:25:56.303-05:00 DEBUG 90037 --- [catalog-dev] [main] c.tiquetera.catalog.CatalogApplication   : Running with Spring Boot v3.2.3, Spring v6.1.4
2025-11-05T18:25:56.303-05:00  INFO 90037 --- [catalog-dev] [main] c.tiquetera.catalog.CatalogApplication   : The following 1 profile is active: "dev"
2025-11-05T18:25:56.615-05:00  INFO 90037 --- [catalog-dev] [main] .s.d.r.c.RepositoryConfigurationDelegate : Bootstrapping Spring Data JPA repositories in DEFAULT mode.
2025-11-05T18:25:56.648-05:00  INFO 90037 --- [catalog-dev] [main] .s.d.r.c.RepositoryConfigurationDelegate : Finished Spring Data repository scanning in 28 ms. Found 2 JPA repository interfaces.
2025-11-05T18:25:56.877-05:00  INFO 90037 --- [catalog-dev] [main] o.s.b.w.embedded.tomcat.TomcatWebServer  : Tomcat initialized with port 8080 (http)
2025-11-05T18:25:56.883-05:00  INFO 90037 --- [catalog-dev] [main] o.apache.catalina.core.StandardService   : Starting service [Tomcat]
2025-11-05T18:25:56.883-05:00  INFO 90037 --- [catalog-dev] [main] o.apache.catalina.core.StandardEngine    : Starting Servlet engine: [Apache Tomcat/10.1.19]
2025-11-05T18:25:56.914-05:00  INFO 90037 --- [catalog-dev] [main] o.a.c.c.C.[Tomcat].[localhost].[/]       : Initializing Spring embedded WebApplicationContext
2025-11-05T18:25:56.914-05:00  INFO 90037 --- [catalog-dev] [main] w.s.c.ServletWebServerApplicationContext : Root WebApplicationContext: initialization completed in 591 ms
2025-11-05T18:25:56.931-05:00  INFO 90037 --- [catalog-dev] [main] com.zaxxer.hikari.HikariDataSource       : HikariPool-1 - Starting...
2025-11-05T18:25:57.043-05:00  INFO 90037 --- [catalog-dev] [main] com.zaxxer.hikari.pool.HikariPool        : HikariPool-1 - Added connection conn0: url=jdbc:h2:./data/catalogdb user=SA
2025-11-05T18:25:57.044-05:00  INFO 90037 --- [catalog-dev] [main] com.zaxxer.hikari.HikariDataSource       : HikariPool-1 - Start completed.
2025-11-05T18:25:57.050-05:00  INFO 90037 --- [catalog-dev] [main] o.s.b.a.h2.H2ConsoleAutoConfiguration    : H2 console available at '/h2-console'. Database available at 'jdbc:h2:./data/catalogdb'
2025-11-05T18:25:57.106-05:00  INFO 90037 --- [catalog-dev] [main] o.hibernate.jpa.internal.util.LogHelper  : HHH000204: Processing PersistenceUnitInfo [name: default]
2025-11-05T18:25:57.134-05:00  INFO 90037 --- [catalog-dev] [main] org.hibernate.Version                    : HHH000412: Hibernate ORM core version 6.4.4.Final
2025-11-05T18:25:57.148-05:00  INFO 90037 --- [catalog-dev] [main] o.h.c.internal.RegionFactoryInitiator    : HHH000026: Second-level cache disabled
2025-11-05T18:25:57.246-05:00  INFO 90037 --- [catalog-dev] [main] o.s.o.j.p.SpringPersistenceUnitInfo      : No LoadTimeWeaver setup: ignoring JPA class transformer
2025-11-05T18:25:57.269-05:00  WARN 90037 --- [catalog-dev] [main] org.hibernate.orm.deprecation            : HHH90000025: H2Dialect does not need to be specified explicitly using 'hibernate.dialect' (remove the property setting and it will be selected by default)
2025-11-05T18:25:57.639-05:00  INFO 90037 --- [catalog-dev] [main] o.h.e.t.j.p.i.JtaPlatformInitiator       : HHH000489: No JTA platform available (set 'hibernate.transaction.jta.platform' to enable JTA platform integration)
2025-11-05T18:25:57.672-05:00  INFO 90037 --- [catalog-dev] [main] j.LocalContainerEntityManagerFactoryBean : Initialized JPA EntityManagerFactory for persistence unit 'default'
2025-11-05T18:25:57.902-05:00  WARN 90037 --- [catalog-dev] [main] JpaBaseConfiguration$JpaWebConfiguration : spring.jpa.open-in-view is enabled by default. Therefore, database queries may be performed during view rendering. Explicitly configure spring.jpa.open-in-view to disable this warning
2025-11-05T18:25:58.077-05:00  INFO 90037 --- [catalog-dev] [main] o.s.b.w.embedded.tomcat.TomcatWebServer  : Tomcat started on port 8080 (http) with context path ''
2025-11-05T18:25:58.083-05:00  INFO 90037 --- [catalog-dev] [main] c.tiquetera.catalog.CatalogApplication   : Started CatalogApplication in 1.98 seconds (process running for 2.117)
2025-11-05T18:27:05.259-05:00  INFO 90037 --- [catalog-dev] [http-nio-8080-exec-1] o.a.c.c.C.[Tomcat].[localhost].[/]       : Initializing Spring DispatcherServlet 'dispatcherServlet'
2025-11-05T18:27:05.260-05:00  INFO 90037 --- [catalog-dev] [http-nio-8080-exec-1] o.s.web.servlet.DispatcherServlet        : Initializing Servlet 'dispatcherServlet'
2025-11-05T18:27:05.261-05:00  INFO 90037 --- [catalog-dev] [http-nio-8080-exec-1] o.s.web.servlet.DispatcherServlet        : Completed initialization in 1 ms
2025-11-05T18:27:05.692-05:00  INFO 90037 --- [catalog-dev] [http-nio-8080-exec-10] o.springdoc.api.AbstractOpenApiResource  : Init duration for springdoc-openapi is: 174 ms
2025-11-05T18:37:52.490-05:00  INFO 90037 --- [catalog-dev] [http-nio-8080-exec-2] o.springdoc.api.AbstractOpenApiResource  : Init duration for springdoc-openapi is: 50 ms
